D:\OSAMA\PROGRAMMING\PROJECTS\TITANIC - MACHINE LEARNING FROM DISASTER\OPENCV ML MODELS\OPENCV-MACHINELEARNING\OPENCV-MACHINELEARNING\DEBUG\SAMPLE.OBJ
D:\OSAMA\PROGRAMMING\PROJECTS\TITANIC - MACHINE LEARNING FROM DISASTER\OPENCV ML MODELS\OPENCV-MACHINELEARNING\OPENCV-MACHINELEARNING\DEBUG\CSVPARSER.OBJ
D:\OSAMA\PROGRAMMING\PROJECTS\TITANIC - MACHINE LEARNING FROM DISASTER\OPENCV ML MODELS\OPENCV-MACHINELEARNING\OPENCV-MACHINELEARNING\DEBUG\MAIN.OBJ
D:\OSAMA\PROGRAMMING\PROJECTS\TITANIC - MACHINE LEARNING FROM DISASTER\OPENCV ML MODELS\OPENCV-MACHINELEARNING\OPENCV-MACHINELEARNING\DEBUG\VC110.PDB
D:\OSAMA\PROGRAMMING\PROJECTS\TITANIC - MACHINE LEARNING FROM DISASTER\OPENCV ML MODELS\OPENCV-MACHINELEARNING\DEBUG\OPENCV-MACHINELEARNING.ILK
D:\OSAMA\PROGRAMMING\PROJECTS\TITANIC - MACHINE LEARNING FROM DISASTER\OPENCV ML MODELS\OPENCV-MACHINELEARNING\DEBUG\OPENCV-MACHINELEARNING.EXE
D:\OSAMA\PROGRAMMING\PROJECTS\TITANIC - MACHINE LEARNING FROM DISASTER\OPENCV ML MODELS\OPENCV-MACHINELEARNING\DEBUG\OPENCV-MACHINELEARNING.PDB
D:\Osama\Programming\Projects\Titanic - Machine Learning from Disaster\OpenCV ML Models\OpenCV-MachineLearning\OpenCV-MachineLearning\Debug\CsvParser.obj
D:\Osama\Programming\Projects\Titanic - Machine Learning from Disaster\OpenCV ML Models\OpenCV-MachineLearning\OpenCV-MachineLearning\Debug\main.obj
D:\Osama\Programming\Projects\Titanic - Machine Learning from Disaster\OpenCV ML Models\OpenCV-MachineLearning\OpenCV-MachineLearning\Debug\Sample.obj
D:\Osama\Programming\Projects\Titanic - Machine Learning from Disaster\OpenCV ML Models\OpenCV-MachineLearning\OpenCV-MachineLearning\Debug\cl.command.1.tlog
D:\Osama\Programming\Projects\Titanic - Machine Learning from Disaster\OpenCV ML Models\OpenCV-MachineLearning\OpenCV-MachineLearning\Debug\CL.read.1.tlog
D:\Osama\Programming\Projects\Titanic - Machine Learning from Disaster\OpenCV ML Models\OpenCV-MachineLearning\OpenCV-MachineLearning\Debug\CL.write.1.tlog
D:\Osama\Programming\Projects\Titanic - Machine Learning from Disaster\OpenCV ML Models\OpenCV-MachineLearning\OpenCV-MachineLearning\Debug\link-cvtres.read.1.tlog
D:\Osama\Programming\Projects\Titanic - Machine Learning from Disaster\OpenCV ML Models\OpenCV-MachineLearning\OpenCV-MachineLearning\Debug\link-cvtres.write.1.tlog
D:\Osama\Programming\Projects\Titanic - Machine Learning from Disaster\OpenCV ML Models\OpenCV-MachineLearning\OpenCV-MachineLearning\Debug\link-rc.read.1.tlog
D:\Osama\Programming\Projects\Titanic - Machine Learning from Disaster\OpenCV ML Models\OpenCV-MachineLearning\OpenCV-MachineLearning\Debug\link-rc.write.1.tlog
D:\Osama\Programming\Projects\Titanic - Machine Learning from Disaster\OpenCV ML Models\OpenCV-MachineLearning\OpenCV-MachineLearning\Debug\link.command.1.tlog
D:\Osama\Programming\Projects\Titanic - Machine Learning from Disaster\OpenCV ML Models\OpenCV-MachineLearning\OpenCV-MachineLearning\Debug\link.read.1.tlog
D:\Osama\Programming\Projects\Titanic - Machine Learning from Disaster\OpenCV ML Models\OpenCV-MachineLearning\OpenCV-MachineLearning\Debug\link.write.1.tlog
D:\Osama\Programming\Projects\Titanic - Machine Learning from Disaster\OpenCV ML Models\OpenCV-MachineLearning\OpenCV-MachineLearning\Debug\vc110.idb
D:\Osama\Programming\Projects\Titanic - Machine Learning from Disaster\OpenCV ML Models\OpenCV-MachineLearning\OpenCV-MachineLearning\Debug\vc110.pdb
D:\Osama\Programming\Projects\Titanic - Machine Learning from Disaster\OpenCV ML Models\OpenCV-MachineLearning\Debug\OpenCV-MachineLearning.pdb
D:\Osama\Programming\Projects\Titanic - Machine Learning from Disaster\OpenCV ML Models\OpenCV-MachineLearning\Debug\OpenCV-MachineLearning.exe
D:\Osama\Programming\Projects\Titanic - Machine Learning from Disaster\OpenCV ML Models\OpenCV-MachineLearning\Debug\OpenCV-MachineLearning.ilk
